2023-07-28 18:13:13 - You select: uploads\facebookchat2.pcap
2023-07-28 18:13:13 - Out folder: output
2023-07-28 18:13:14 - CICFlowMeter received 1 pcap file
2023-07-28 18:20:32 - You select: uploads\facebookchat2.pcap
2023-07-28 18:20:32 - Out folder: output
2023-07-28 18:20:33 - CICFlowMeter received 1 pcap file
2023-07-28 18:21:07 - You select: uploads\facebookchat2.pcap
2023-07-28 18:21:07 - Out folder: output
2023-07-28 18:21:07 - CICFlowMeter received 1 pcap file
2023-07-28 18:23:30 - You select: uploads\AIMchat2.pcap
2023-07-28 18:23:30 - Out folder: output
2023-07-28 18:23:30 - CICFlowMeter received 1 pcap file
2023-07-28 18:24:35 - You select: uploads\AIMchat2.pcap
2023-07-28 18:24:35 - Out folder: uploads
2023-07-28 18:24:35 - CICFlowMeter received 1 pcap file
2023-07-28 18:40:19 - You select: uploads\AIMchat2.pcap
2023-07-28 18:40:19 - Out folder: uploads
2023-07-28 18:40:19 - CICFlowMeter received 1 pcap file
2023-07-28 18:41:44 - You select: uploads\AIMchat2.pcap
2023-07-28 18:41:44 - Out folder: uploads
2023-07-28 18:41:44 - CICFlowMeter received 1 pcap file
2023-07-28 18:42:28 - You select: uploads\AIMchat2.pcap
2023-07-28 18:42:28 - Out folder: uploads
2023-07-28 18:42:28 - CICFlowMeter received 1 pcap file
2023-07-28 18:46:55 - You select: uploads\AIMchat2.pcap
2023-07-28 18:46:55 - Out folder: uploads
2023-07-28 18:46:55 - CICFlowMeter received 1 pcap file
2023-07-28 18:53:27 - You select: uploads\AIMchat2.pcap
2023-07-28 18:53:27 - Out folder: uploads
2023-07-28 18:53:27 - CICFlowMeter received 1 pcap file
2023-07-28 19:02:12 - You select: uploads\AIMchat2.pcap
2023-07-28 19:02:12 - Out folder: uploads
2023-07-28 19:02:12 - CICFlowMeter received 1 pcap file
2023-07-28 19:02:38 - You select: uploads\AIMchat2.pcap
2023-07-28 19:02:38 - Out folder: uploads
2023-07-28 19:02:39 - CICFlowMeter received 1 pcap file
2023-07-28 19:02:56 - You select: uploads\AIMchat2.pcap
2023-07-28 19:02:56 - Out folder: uploads
2023-07-28 19:02:57 - CICFlowMeter received 1 pcap file
2023-07-28 19:03:10 - You select: uploads\AIMchat2.pcap
2023-07-28 19:03:10 - Out folder: uploads
2023-07-28 19:03:10 - CICFlowMeter received 1 pcap file
2023-07-28 19:10:22 - You select: uploads\AIMchat2.pcap
2023-07-28 19:10:22 - Out folder: uploads
2023-07-28 19:10:22 - CICFlowMeter received 1 pcap file
2023-07-28 19:46:45 - You select: uploads\AIMchat2.pcap
2023-07-28 19:46:45 - Out folder: uploads
2023-07-28 19:46:46 - CICFlowMeter received 1 pcap file
2023-07-28 19:59:11 - You select: uploads\AIMchat2.pcap
2023-07-28 19:59:11 - Out folder: uploads
2023-07-28 19:59:12 - CICFlowMeter received 1 pcap file
2023-07-28 20:20:50 - You select: uploads\AIMchat2.pcap
2023-07-28 20:20:50 - Out folder: uploads
2023-07-28 20:20:50 - CICFlowMeter received 1 pcap file
2023-07-28 20:21:36 - You select: uploads\AIMchat2.pcap
2023-07-28 20:21:36 - Out folder: uploads
2023-07-28 20:21:37 - CICFlowMeter received 1 pcap file
2023-07-28 20:21:57 - You select: uploads\AIMchat2.pcap
2023-07-28 20:21:57 - Out folder: uploads
2023-07-28 20:21:58 - CICFlowMeter received 1 pcap file
2023-07-28 20:28:08 - You select: uploads\AIMchat2.pcap
2023-07-28 20:28:08 - Out folder: uploads
2023-07-28 20:28:08 - CICFlowMeter received 1 pcap file
2023-07-28 21:42:28 - You select: uploads\discord_valorant.pcap
2023-07-28 21:42:28 - Out folder: uploads
2023-07-28 21:42:29 - CICFlowMeter received 1 pcap file
2023-07-28 21:43:27 - You select: uploads\discord_valorant.pcap
2023-07-28 21:43:27 - Out folder: uploads
2023-07-28 21:43:27 - CICFlowMeter received 1 pcap file
2023-07-28 21:43:56 - You select: uploads\discord_valorant.pcap
2023-07-28 21:43:56 - Out folder: uploads
2023-07-28 21:43:56 - CICFlowMeter received 1 pcap file
2023-07-28 21:44:23 - You select: uploads\discord_valorant.pcap
2023-07-28 21:44:23 - Out folder: uploads
2023-07-28 21:44:23 - CICFlowMeter received 1 pcap file
2023-07-28 21:45:18 - You select: uploads\discord_valorant.pcap
2023-07-28 21:45:18 - Out folder: uploads
2023-07-28 21:45:18 - CICFlowMeter received 1 pcap file
2023-07-28 21:49:49 - You select: uploads\discord_valorant.pcap
2023-07-28 21:49:49 - Out folder: uploads
2023-07-28 21:49:49 - CICFlowMeter received 1 pcap file
2023-07-28 21:51:53 - You select: uploads\discord_valorant.pcap
2023-07-28 21:51:53 - Out folder: uploads
2023-07-28 21:51:53 - CICFlowMeter received 1 pcap file
2023-07-28 21:51:55 - You select: uploads\discord_valorant.pcap
2023-07-28 21:51:55 - Out folder: uploads
2023-07-28 21:51:55 - CICFlowMeter received 1 pcap file
2023-07-28 21:52:10 - You select: uploads\discord_valorant.pcap
2023-07-28 21:52:10 - Out folder: uploads
2023-07-28 21:52:11 - CICFlowMeter received 1 pcap file
2023-07-28 21:52:31 - You select: uploads\discord_valorant.pcap
2023-07-28 21:52:31 - Out folder: uploads
2023-07-28 21:52:32 - CICFlowMeter received 1 pcap file
2023-07-28 21:52:52 - You select: uploads\discord_valorant.pcap
2023-07-28 21:52:52 - Out folder: uploads
2023-07-28 21:52:52 - CICFlowMeter received 1 pcap file
2023-07-28 21:56:53 - You select: uploads\SIT-WIFI_capture.pcap
2023-07-28 21:56:53 - Out folder: uploads
2023-07-28 21:56:53 - CICFlowMeter received 1 pcap file
2023-07-28 22:00:43 - You select: uploads\discord_valorant.pcap
2023-07-28 22:00:43 - Out folder: uploads
2023-07-28 22:00:43 - CICFlowMeter received 1 pcap file
2023-07-28 22:01:53 - You select: uploads\SIT-WIFI_capture.pcap
2023-07-28 22:01:53 - Out folder: uploads
2023-07-28 22:01:54 - CICFlowMeter received 1 pcap file
