2023-06-04 18:30:42 - Please select pcap!
2023-06-04 18:30:49 - Please select pcap!
2023-06-04 18:34:10 - Please select output folder!
2023-06-04 18:34:17 - You select: email1a.pcap
2023-06-04 18:34:17 - Out folder: .
2023-06-04 18:34:17 - CICFlowMeter received 1 pcap file
2023-06-04 21:30:49 - Please select pcap!
2023-06-04 21:31:14 - Please select pcap!
2024-02-11 11:48:21 - The pcap file or folder does not exist! -> inputpcap
2024-02-11 11:48:43 - The pcap file or folder does not exist! -> inputpcap
2024-02-11 11:49:44 - The pcap file or folder does not exist! -> inputpcap
2024-02-11 11:49:56 - The pcap file or folder does not exist! -> inputpcap
2024-02-13 14:39:24 - The pcap file or folder does not exist! -> inputpcap
2024-02-13 14:40:22 - The pcap file or folder does not exist! -> inputpcap
2024-02-13 14:45:08 - Please select pcap!
2024-02-13 14:47:59 - The pcap file or folder does not exist! -> inputpcap
2024-02-13 14:50:30 - You select: ..\inputpcap
2024-02-13 14:50:30 - Out folder: ..\outputpcap
2024-02-13 15:02:03 - Please select pcap!
2024-02-13 15:03:36 - Pcap is listening...
2024-02-13 15:03:44 - path:C:\Users\Matthew  Wu\Documents\Christabelle-School-Proj\ict3211-group3\AI\CNNClassification\CICFlowMeter-4.0\bin\data\daily\2024-02-13_Flow.csv
2024-02-13 15:05:16 - The pcap file or folder does not exist! -> takeofffail.pcapng
2024-02-13 15:05:28 - The pcap file or folder does not exist! -> ..\takeofffail.pcapng
2024-02-13 15:09:36 - Please select pcap!
2024-02-13 15:09:39 - Please select pcap!
2024-02-13 15:17:16 - Please select pcap!
2024-02-13 15:27:22 - You select: ..\ipcap
2024-02-13 15:27:22 - Out folder: ..\outputpcap
2024-02-13 17:56:57 - You select: ..\iattack
2024-02-13 17:56:57 - Out folder: ..\oattack
